# JRE version: Java(TM) SE Runtime Environment (8.0_65-b17) (build 1.8.0_65-b17)
# Java VM: Java HotSpot(TM) 64-Bit Server VM (25.65-b01 mixed mode bsd-amd64 compressed oops)
Heap:
 PSYoungGen      total 80384K, used 33456K [0x00000007aab00000, 0x00000007b1100000, 0x00000007c0000000)
  eden space 60416K, 33% used [0x00000007aab00000,0x00000007abea7d70,0x00000007ae600000)
  from space 19968K, 66% used [0x00000007afd80000,0x00000007b0a843f8,0x00000007b1100000)
  to   space 22016K, 0% used [0x00000007ae600000,0x00000007ae600000,0x00000007afb80000)
 ParOldGen       total 75264K, used 50975K [0x0000000780000000, 0x0000000784980000, 0x00000007aab00000)
  object space 75264K, 67% used [0x0000000780000000,0x00000007831c7c80,0x0000000784980000)
 Metaspace       used 23645K, capacity 23890K, committed 24448K, reserved 1071104K
  class space    used 2781K, capacity 2880K, committed 2944K, reserved 1048576K
GC Heap History (10 events):
Event: 7.200 GC heap before
{Heap before GC invocations=3 (full 0):
 PSYoungGen      total 18944K, used 18944K [0x00000007aab00000, 0x00000007ac000000, 0x00000007c0000000)
  eden space 16384K, 100% used [0x00000007aab00000,0x00000007abb00000,0x00000007abb00000)
  from space 2560K, 100% used [0x00000007abd80000,0x00000007ac000000,0x00000007ac000000)
  to   space 2560K, 0% used [0x00000007abb00000,0x00000007abb00000,0x00000007abd80000)
 ParOldGen       total 44032K, used 6651K [0x0000000780000000, 0x0000000782b00000, 0x00000007aab00000)
  object space 44032K, 15% used [0x0000000780000000,0x000000078067ee48,0x0000000782b00000)
 Metaspace       used 16664K, capacity 16954K, committed 17280K, reserved 1064960K
  class space    used 2285K, capacity 2367K, committed 2432K, reserved 1048576K
Event: 7.247 GC heap after
Heap after GC invocations=3 (full 0):
 PSYoungGen      total 18944K, used 2544K [0x00000007aab00000, 0x00000007ad000000, 0x00000007c0000000)
  eden space 16384K, 0% used [0x00000007aab00000,0x00000007aab00000,0x00000007abb00000)
  from space 2560K, 99% used [0x00000007abb00000,0x00000007abd7c010,0x00000007abd80000)
  to   space 2560K, 0% used [0x00000007acd80000,0x00000007acd80000,0x00000007ad000000)
 ParOldGen       total 44032K, used 20683K [0x0000000780000000, 0x0000000782b00000, 0x00000007aab00000)
  object space 44032K, 46% used [0x0000000780000000,0x0000000781432e48,0x0000000782b00000)
 Metaspace       used 16664K, capacity 16954K, committed 17280K, reserved 1064960K
  class space    used 2285K, capacity 2367K, committed 2432K, reserved 1048576K
}
Event: 7.280 GC heap before
{Heap before GC invocations=4 (full 0):
 PSYoungGen      total 18944K, used 18928K [0x00000007aab00000, 0x00000007ad000000, 0x00000007c0000000)
  eden space 16384K, 100% used [0x00000007aab00000,0x00000007abb00000,0x00000007abb00000)
  from space 2560K, 99% used [0x00000007abb00000,0x00000007abd7c010,0x00000007abd80000)
  to   space 2560K, 0% used [0x00000007acd80000,0x00000007acd80000,0x00000007ad000000)
 ParOldGen       total 44032K, used 20683K [0x0000000780000000, 0x0000000782b00000, 0x00000007aab00000)
  object space 44032K, 46% used [0x0000000780000000,0x0000000781432e48,0x0000000782b00000)
 Metaspace       used 16670K, capacity 16954K, committed 17280K, reserved 1064960K
  class space    used 2285K, capacity 2367K, committed 2432K, reserved 1048576K
Event: 7.351 GC heap after
Heap after GC invocations=4 (full 0):
 PSYoungGen      total 35328K, used 2528K [0x00000007aab00000, 0x00000007ad000000, 0x00000007c0000000)
  eden space 32768K, 0% used [0x00000007aab00000,0x00000007aab00000,0x00000007acb00000)
  from space 2560K, 98% used [0x00000007acd80000,0x00000007acff8010,0x00000007ad000000)
  to   space 2560K, 0% used [0x00000007acb00000,0x00000007acb00000,0x00000007acd80000)
 ParOldGen       total 44032K, used 34795K [0x0000000780000000, 0x0000000782b00000, 0x00000007aab00000)
  object space 44032K, 79% used [0x0000000780000000,0x00000007821fae48,0x0000000782b00000)
 Metaspace       used 16670K, capacity 16954K, committed 17280K, reserved 1064960K
  class space    used 2285K, capacity 2367K, committed 2432K, reserved 1048576K
}
Event: 7.351 GC heap before
{Heap before GC invocations=5 (full 1):
 PSYoungGen      total 35328K, used 2528K [0x00000007aab00000, 0x00000007ad000000, 0x00000007c0000000)
  eden space 32768K, 0% used [0x00000007aab00000,0x00000007aab00000,0x00000007acb00000)
  from space 2560K, 98% used [0x00000007acd80000,0x00000007acff8010,0x00000007ad000000)
  to   space 2560K, 0% used [0x00000007acb00000,0x00000007acb00000,0x00000007acd80000)
 ParOldGen       total 44032K, used 34795K [0x0000000780000000, 0x0000000782b00000, 0x00000007aab00000)
  object space 44032K, 79% used [0x0000000780000000,0x00000007821fae48,0x0000000782b00000)
 Metaspace       used 16670K, capacity 16954K, committed 17280K, reserved 1064960K
  class space    used 2285K, capacity 2367K, committed 2432K, reserved 1048576K
Event: 7.613 GC heap after
Heap after GC invocations=5 (full 1):
 PSYoungGen      total 35328K, used 0K [0x00000007aab00000, 0x00000007ad000000, 0x00000007c0000000)
  eden space 32768K, 0% used [0x00000007aab00000,0x00000007aab00000,0x00000007acb00000)
  from space 2560K, 0% used [0x00000007acd80000,0x00000007acd80000,0x00000007ad000000)
  to   space 2560K, 0% used [0x00000007acb00000,0x00000007acb00000,0x00000007acd80000)
 ParOldGen       total 75264K, used 37048K [0x0000000780000000, 0x0000000784980000, 0x00000007aab00000)
  object space 75264K, 49% used [0x0000000780000000,0x000000078242e260,0x0000000784980000)
 Metaspace       used 16670K, capacity 16954K, committed 17280K, reserved 1064960K
  class space    used 2285K, capacity 2367K, committed 2432K, reserved 1048576K
}
Event: 10.383 GC heap before
{Heap before GC invocations=6 (full 1):
 PSYoungGen      total 35328K, used 32768K [0x00000007aab00000, 0x00000007ad000000, 0x00000007c0000000)
  eden space 32768K, 100% used [0x00000007aab00000,0x00000007acb00000,0x00000007acb00000)
  from space 2560K, 0% used [0x00000007acd80000,0x00000007acd80000,0x00000007ad000000)
  to   space 2560K, 0% used [0x00000007acb00000,0x00000007acb00000,0x00000007acd80000)
 ParOldGen       total 75264K, used 37052K [0x0000000780000000, 0x0000000784980000, 0x00000007aab00000)
  object space 75264K, 49% used [0x0000000780000000,0x000000078242f270,0x0000000784980000)
 Metaspace       used 22763K, capacity 23014K, committed 23424K, reserved 1069056K
  class space    used 2771K, capacity 2846K, committed 2944K, reserved 1048576K
Event: 10.421 GC heap after
Heap after GC invocations=6 (full 1):
 PSYoungGen      total 35328K, used 2547K [0x00000007aab00000, 0x00000007b1400000, 0x00000007c0000000)
  eden space 32768K, 0% used [0x00000007aab00000,0x00000007aab00000,0x00000007acb00000)
  from space 2560K, 99% used [0x00000007acb00000,0x00000007acd7cd48,0x00000007acd80000)
  to   space 23040K, 0% used [0x00000007afd80000,0x00000007afd80000,0x00000007b1400000)
 ParOldGen       total 75264K, used 49818K [0x0000000780000000, 0x0000000784980000, 0x00000007aab00000)
  object space 75264K, 66% used [0x0000000780000000,0x00000007830a6890,0x0000000784980000)
 Metaspace       used 22763K, capacity 23014K, committed 23424K, reserved 1069056K
  class space    used 2771K, capacity 2846K, committed 2944K, reserved 1048576K
}
Event: 11.332 GC heap before
{Heap before GC invocations=7 (full 1):
 PSYoungGen      total 35328K, used 35315K [0x00000007aab00000, 0x00000007b1400000, 0x00000007c0000000)
  eden space 32768K, 100% used [0x00000007aab00000,0x00000007acb00000,0x00000007acb00000)
  from space 2560K, 99% used [0x00000007acb00000,0x00000007acd7cd48,0x00000007acd80000)
  to   space 23040K, 0% used [0x00000007afd80000,0x00000007afd80000,0x00000007b1400000)
 ParOldGen       total 75264K, used 50967K [0x0000000780000000, 0x0000000784980000, 0x00000007aab00000)
  object space 75264K, 67% used [0x0000000780000000,0x00000007831c5c80,0x0000000784980000)
 Metaspace       used 22874K, capacity 23142K, committed 23680K, reserved 1071104K
  class space    used 2772K, capacity 2846K, committed 2944K, reserved 1048576K
Event: 11.367 GC heap after
Heap after GC invocations=7 (full 1):
 PSYoungGen      total 80384K, used 13328K [0x00000007aab00000, 0x00000007b1100000, 0x00000007c0000000)
  eden space 60416K, 0% used [0x00000007aab00000,0x00000007aab00000,0x00000007ae600000)
  from space 19968K, 66% used [0x00000007afd80000,0x00000007b0a843f8,0x00000007b1100000)
  to   space 22016K, 0% used [0x00000007ae600000,0x00000007ae600000,0x00000007afb80000)
 ParOldGen       total 75264K, used 50975K [0x0000000780000000, 0x0000000784980000, 0x00000007aab00000)
  object space 75264K, 67% used [0x0000000780000000,0x00000007831c7c80,0x0000000784980000)
 Metaspace       used 22874K, capacity 23142K, committed 23680K, reserved 1071104K
  class space    used 2772K, capacity 2846K, committed 2944K, reserved 1048576K
}

